2025-06-03 14:40:00,749 - INFO - 🎯 شروع Bot Runner...
2025-06-03 14:40:00,750 - INFO - 📁 پوشه کاری: C:\Users\m.cheraghian\Desktop\Kudos-BOT
2025-06-03 14:40:00,750 - INFO - 📝 فایل لاگ: C:\Users\m.cheraghian\Desktop\Kudos-BOT\logs\runner.log
2025-06-03 14:40:01,549 - WARNING - 🧹 پاکسازی پروسه معلق: PID 8468
2025-06-03 14:40:01,657 - INFO - 🧹 تعداد 1 پروسه معلق پاکسازی شد
2025-06-03 14:40:03,658 - INFO - 🚀 در حال شروع ربات...
2025-06-03 14:40:06,680 - ERROR - ❌ ربات نتوانست شروع شود:
2025-06-03 14:40:06,682 - ERROR - STDOUT: 
2025-06-03 14:40:06,683 - ERROR - STDERR: Traceback (most recent call last):
  File "C:\Users\m.cheraghian\Desktop\Kudos-BOT\bot.py", line 216, in <module>
    asyncio.run(main())
    ~~~~~~~~~~~^^^^^^^^
  File "C:\Users\m.cheraghian\AppData\Local\Programs\Python\Python313\Lib\asyncio\runners.py", line 195, in run
    return runner.run(main)
           ~~~~~~~~~~^^^^^^
  File "C:\Users\m.cheraghian\AppData\Local\Programs\Python\Python313\Lib\asyncio\runners.py", line 118, in run
    return self._loop.run_until_complete(task)
           ~~~~~~~~~~~~~~~~~~~~~~~~~~~~~^^^^^^
  File "C:\Users\m.cheraghian\AppData\Local\Programs\Python\Python313\Lib\asyncio\base_events.py", line 725, in run_until_complete
    return future.result()
           ~~~~~~~~~~~~~^^
  File "C:\Users\m.cheraghian\Desktop\Kudos-BOT\bot.py", line 137, in main
    print("\u0631\u0628\u0627\u062a \u0627\u062c\u0631\u0627 \u0634\u062f...")
    ~~~~~^^^^^^^^^^^^^^^^^^^
  File "C:\Users\m.cheraghian\AppData\Local\Programs\Python\Python313\Lib\encodings\cp1252.py", line 19, in encode
    return codecs.charmap_encode(input,self.errors,encoding_table)[0]
           ~~~~~~~~~~~~~~~~~~~~~^^^^^^^^^^^^^^^^^^^^^^^^^^^^^^^^^^
UnicodeEncodeError: 'charmap' codec can't encode characters in position 0-3: character maps to <undefined>

2025-06-03 14:40:06,685 - ERROR - ❌ نتوانست ربات را شروع کند. خروج از رانر.
2025-06-03 14:40:06,685 - INFO - 🛑 در حال توقف رانر...
2025-06-03 14:40:06,686 - INFO - 🛑 در حال توقف ربات...
2025-06-03 14:40:06,687 - INFO - ✅ ربات با موفقیت متوقف شد
2025-06-03 14:40:06,688 - INFO - ✅ رانر با موفقیت متوقف شد
2025-06-03 14:40:46,562 - INFO - 🎯 شروع Bot Runner...
2025-06-03 14:40:46,562 - INFO - 📁 پوشه کاری: C:\Users\m.cheraghian\Desktop\Kudos-BOT
2025-06-03 14:40:46,562 - INFO - 📝 فایل لاگ: C:\Users\m.cheraghian\Desktop\Kudos-BOT\logs\runner.log
2025-06-03 14:40:47,392 - INFO - 🚀 در حال شروع ربات...
2025-06-03 14:40:50,399 - INFO - ✅ ربات با موفقیت شروع شد. PID: 14096
2025-06-03 14:40:50,401 - INFO - 👁️ شروع مانیتورینگ ربات...
2025-06-03 14:44:36,890 - INFO - 🎯 شروع Bot Runner...
2025-06-03 14:44:36,890 - INFO - 📁 پوشه کاری: C:\Users\m.cheraghian\Desktop\Kudos-BOT
2025-06-03 14:44:36,890 - INFO - 📝 فایل لاگ: C:\Users\m.cheraghian\Desktop\Kudos-BOT\logs\runner.log
2025-06-03 14:44:37,645 - INFO - 🚀 در حال شروع ربات...
2025-06-03 14:44:40,653 - INFO - ✅ ربات با موفقیت شروع شد. PID: 9692
2025-06-03 14:44:40,655 - INFO - 👁️ شروع مانیتورینگ ربات...
2025-06-03 14:46:00,747 - WARNING - ⚠️ ربات سالم نیست!
2025-06-03 14:46:00,747 - INFO - 🔄 در حال ری‌استارت ربات...
2025-06-03 14:46:00,748 - INFO - 🛑 در حال توقف ربات...
2025-06-03 14:46:00,748 - INFO - ✅ ربات با موفقیت متوقف شد
2025-06-03 14:46:06,208 - INFO - 🚀 در حال شروع ربات...
2025-06-03 14:46:09,211 - INFO - ✅ ربات با موفقیت شروع شد. PID: 4872
2025-06-03 14:46:10,691 - INFO - 🛑 دریافت سیگنال 2. در حال توقف رانر...
2025-06-03 14:46:10,691 - INFO - 🛑 در حال توقف رانر...
2025-06-03 14:46:10,692 - INFO - 🛑 در حال توقف ربات...
2025-06-03 14:46:10,713 - INFO - ✅ ربات با موفقیت متوقف شد
2025-06-03 14:46:10,714 - INFO - ✅ رانر با موفقیت متوقف شد
2025-06-03 14:46:10,715 - INFO - 🛑 در حال توقف رانر...
2025-06-03 14:46:10,715 - INFO - ✅ رانر با موفقیت متوقف شد
2025-06-03 14:49:02,874 - INFO - 🎯 شروع Bot Runner...
2025-06-03 14:49:02,875 - INFO - 📁 پوشه کاری: C:\Users\m.cheraghian\Desktop\Kudos-BOT
2025-06-03 14:49:02,875 - INFO - 📝 فایل لاگ: C:\Users\m.cheraghian\Desktop\Kudos-BOT\logs\runner.log
2025-06-03 14:49:03,739 - INFO - 🚀 در حال شروع ربات...
2025-06-03 14:49:06,753 - INFO - ✅ ربات با موفقیت شروع شد. PID: 7104
2025-06-03 14:49:06,853 - INFO - 👁️ شروع مانیتورینگ ربات...
2025-06-03 14:49:16,905 - WARNING - ⚠️ ربات سالم نیست!
2025-06-03 14:49:16,905 - INFO - 🔄 در حال ری‌استارت ربات...
2025-06-03 14:49:16,906 - INFO - 🛑 در حال توقف ربات...
2025-06-03 14:49:16,906 - INFO - ✅ ربات با موفقیت متوقف شد
2025-06-03 14:49:22,612 - INFO - 🚀 در حال شروع ربات...
2025-06-03 14:49:25,615 - INFO - ✅ ربات با موفقیت شروع شد. PID: 13408
2025-06-03 14:49:26,613 - INFO - 🎯 شروع Bot Runner...
2025-06-03 14:49:26,613 - INFO - 📁 پوشه کاری: C:\Users\m.cheraghian\Desktop\Kudos-BOT
2025-06-03 14:49:26,613 - INFO - 📝 فایل لاگ: C:\Users\m.cheraghian\Desktop\Kudos-BOT\logs\runner.log
2025-06-03 14:49:27,337 - WARNING - 🧹 پاکسازی پروسه معلق: PID 13408
2025-06-03 14:49:27,387 - INFO - 🧹 تعداد 1 پروسه معلق پاکسازی شد
2025-06-03 14:49:29,388 - INFO - 🚀 در حال شروع ربات...
2025-06-03 14:49:32,399 - INFO - ✅ ربات با موفقیت شروع شد. PID: 12340
2025-06-03 14:49:32,401 - INFO - 👁️ شروع مانیتورینگ ربات...
2025-06-03 14:49:35,627 - WARNING - ⚠️ ربات سالم نیست!
2025-06-03 14:49:35,628 - INFO - 🔄 در حال ری‌استارت ربات...
2025-06-03 14:49:35,628 - INFO - 🛑 در حال توقف ربات...
2025-06-03 14:49:35,629 - INFO - ✅ ربات با موفقیت متوقف شد
2025-06-03 14:49:36,869 - INFO - 🛑 دریافت سیگنال 2. در حال توقف رانر...
2025-06-03 14:49:36,870 - INFO - 🛑 در حال توقف رانر...
2025-06-03 14:49:41,102 - WARNING - 🧹 پاکسازی پروسه معلق: PID 12340
2025-06-03 14:49:41,142 - INFO - 🧹 تعداد 1 پروسه معلق پاکسازی شد
2025-06-03 14:49:41,871 - INFO - ✅ رانر با موفقیت متوقف شد
2025-06-03 14:49:41,873 - INFO - 🛑 در حال توقف رانر...
2025-06-03 14:49:42,402 - WARNING - ⚠️ ربات سالم نیست!
2025-06-03 14:49:42,403 - INFO - 🔄 در حال ری‌استارت ربات...
2025-06-03 14:49:42,403 - INFO - 🛑 در حال توقف ربات...
2025-06-03 14:49:42,404 - INFO - ✅ ربات با موفقیت متوقف شد
2025-06-03 14:49:43,143 - INFO - 🚀 در حال شروع ربات...
2025-06-03 14:49:46,151 - INFO - ✅ ربات با موفقیت شروع شد. PID: 17036
2025-06-03 14:49:46,151 - INFO - ✅ رانر با موفقیت متوقف شد
2025-06-03 14:49:47,865 - WARNING - 🧹 پاکسازی پروسه معلق: PID 17036
2025-06-03 14:49:47,886 - INFO - 🧹 تعداد 1 پروسه معلق پاکسازی شد
2025-06-03 14:49:49,891 - INFO - 🚀 در حال شروع ربات...
2025-06-03 14:49:52,898 - INFO - ✅ ربات با موفقیت شروع شد. PID: 13952
2025-06-03 14:50:57,153 - INFO - 🎯 شروع Bot Runner...
2025-06-03 14:50:57,154 - INFO - 📁 پوشه کاری: C:\Users\m.cheraghian\Desktop\Kudos-BOT
2025-06-03 14:50:57,154 - INFO - 📝 فایل لاگ: C:\Users\m.cheraghian\Desktop\Kudos-BOT\logs\runner.log
2025-06-03 14:50:57,951 - INFO - 🚀 در حال شروع ربات...
2025-06-03 14:51:00,959 - INFO - ✅ ربات با موفقیت شروع شد. PID: 16800
2025-06-03 14:51:00,960 - INFO - 👁️ شروع مانیتورینگ ربات...
2025-06-03 14:52:00,978 - INFO - 🛑 دریافت سیگنال 2. در حال توقف رانر...
2025-06-03 14:52:00,979 - INFO - 🛑 در حال توقف رانر...
2025-06-03 14:52:00,980 - INFO - 🛑 در حال توقف ربات...
2025-06-03 14:52:00,981 - INFO - ✅ ربات با موفقیت متوقف شد
2025-06-03 14:52:00,981 - INFO - ✅ رانر با موفقیت متوقف شد
2025-06-03 14:52:00,982 - INFO - 🛑 در حال توقف رانر...
2025-06-03 14:52:00,983 - INFO - ✅ رانر با موفقیت متوقف شد
2025-06-03 14:52:19,013 - INFO - 🎯 شروع Bot Runner...
2025-06-03 14:52:19,014 - INFO - 📁 پوشه کاری: C:\Users\m.cheraghian\Desktop\Kudos-BOT
2025-06-03 14:52:19,014 - INFO - 📝 فایل لاگ: C:\Users\m.cheraghian\Desktop\Kudos-BOT\logs\runner.log
2025-06-03 14:52:19,905 - INFO - 🚀 در حال شروع ربات...
2025-06-03 14:52:22,914 - INFO - ✅ ربات با موفقیت شروع شد. PID: 15644
2025-06-03 14:52:22,920 - INFO - 👁️ شروع مانیتورینگ ربات...
2025-06-03 14:53:43,007 - WARNING - ⚠️ ربات سالم نیست!
2025-06-03 14:53:43,008 - INFO - 🔄 در حال ری‌استارت ربات...
2025-06-03 14:53:43,008 - INFO - 🛑 در حال توقف ربات...
2025-06-03 14:53:43,008 - INFO - ✅ ربات با موفقیت متوقف شد
2025-06-03 14:53:48,599 - INFO - 🚀 در حال شروع ربات...
2025-06-03 14:53:51,604 - INFO - ✅ ربات با موفقیت شروع شد. PID: 15956
2025-06-03 14:53:52,943 - INFO - 🛑 دریافت سیگنال 2. در حال توقف رانر...
2025-06-03 14:53:52,944 - INFO - 🛑 در حال توقف رانر...
2025-06-03 14:53:52,944 - INFO - 🛑 در حال توقف ربات...
2025-06-03 14:53:52,954 - INFO - ✅ ربات با موفقیت متوقف شد
2025-06-03 14:53:52,957 - INFO - ✅ رانر با موفقیت متوقف شد
2025-06-03 14:53:52,957 - INFO - 🛑 در حال توقف رانر...
2025-06-03 14:53:52,958 - INFO - ✅ رانر با موفقیت متوقف شد
2025-06-03 14:54:04,512 - INFO - 🎯 شروع Bot Runner...
2025-06-03 14:54:04,513 - INFO - 📁 پوشه کاری: C:\Users\m.cheraghian\Desktop\Kudos-BOT
2025-06-03 14:54:04,513 - INFO - 📝 فایل لاگ: C:\Users\m.cheraghian\Desktop\Kudos-BOT\logs\runner.log
2025-06-03 14:54:05,343 - INFO - 🚀 در حال شروع ربات...
2025-06-03 14:54:08,350 - INFO - ✅ ربات با موفقیت شروع شد. PID: 6464
2025-06-03 14:54:08,351 - INFO - 👁️ شروع مانیتورینگ ربات...
2025-06-03 14:56:48,521 - WARNING - ⚠️ ربات سالم نیست!
2025-06-03 14:56:48,522 - INFO - 🔄 در حال ری‌استارت ربات...
2025-06-03 14:56:48,522 - INFO - 🛑 در حال توقف ربات...
2025-06-03 14:56:48,523 - INFO - ✅ ربات با موفقیت متوقف شد
2025-06-03 14:56:54,243 - INFO - 🚀 در حال شروع ربات...
2025-06-03 14:56:57,246 - INFO - ✅ ربات با موفقیت شروع شد. PID: 17196
2025-06-03 14:57:08,398 - INFO - 🛑 دریافت سیگنال 2. در حال توقف رانر...
2025-06-03 14:57:08,399 - INFO - 🛑 در حال توقف رانر...
2025-06-03 14:57:08,404 - INFO - 🛑 در حال توقف ربات...
2025-06-03 14:57:08,424 - INFO - ✅ ربات با موفقیت متوقف شد
2025-06-03 14:57:08,424 - INFO - ✅ رانر با موفقیت متوقف شد
2025-06-03 14:57:08,425 - INFO - 🛑 در حال توقف رانر...
2025-06-03 14:57:08,425 - INFO - ✅ رانر با موفقیت متوقف شد
2025-06-03 16:18:25,670 - INFO - 🎯 شروع Bot Runner...
2025-06-03 16:18:25,671 - INFO - 📁 پوشه کاری: C:\Users\m.cheraghian\Desktop\Kudos-BOT
2025-06-03 16:18:25,671 - INFO - 📝 فایل لاگ: C:\Users\m.cheraghian\Desktop\Kudos-BOT\logs\runner.log
2025-06-03 16:18:26,425 - INFO - 🚀 در حال شروع ربات...
2025-06-03 16:18:29,431 - INFO - ✅ ربات با موفقیت شروع شد. PID: 16928
2025-06-03 16:18:29,432 - INFO - 👁️ شروع مانیتورینگ ربات...
2025-06-03 16:22:59,526 - INFO - 🛑 دریافت سیگنال 2. در حال توقف رانر...
2025-06-03 16:22:59,527 - INFO - 🛑 در حال توقف رانر...
2025-06-03 16:22:59,528 - INFO - 🛑 در حال توقف ربات...
2025-06-03 16:22:59,529 - INFO - ✅ ربات با موفقیت متوقف شد
2025-06-03 16:22:59,530 - INFO - ✅ رانر با موفقیت متوقف شد
2025-06-03 16:22:59,531 - INFO - 🛑 در حال توقف رانر...
2025-06-03 16:22:59,532 - INFO - ✅ رانر با موفقیت متوقف شد
2025-06-08 09:56:43,677 - INFO - 🎯 شروع Bot Runner...
2025-06-08 09:56:43,678 - INFO - 📁 پوشه کاری: C:\Users\m.cheraghian\Desktop\Kudos-BOT
2025-06-08 09:56:43,679 - INFO - 📝 فایل لاگ: C:\Users\m.cheraghian\Desktop\Kudos-BOT\logs\runner.log
2025-06-08 09:56:44,308 - INFO - 🚀 در حال شروع ربات...
2025-06-08 09:56:47,316 - INFO - ✅ ربات با موفقیت شروع شد. PID: 5056
2025-06-08 09:56:47,318 - INFO - 👁️ شروع مانیتورینگ ربات...
2025-06-08 09:57:17,322 - INFO - 🛑 دریافت سیگنال 2. در حال توقف رانر...
2025-06-08 09:57:17,322 - INFO - 🛑 در حال توقف رانر...
2025-06-08 09:57:17,323 - INFO - 🛑 در حال توقف ربات...
2025-06-08 09:57:17,383 - INFO - ✅ ربات با موفقیت متوقف شد
2025-06-08 09:57:17,384 - INFO - ✅ رانر با موفقیت متوقف شد
2025-06-08 09:57:17,384 - INFO - 🛑 در حال توقف رانر...
2025-06-08 09:57:17,385 - INFO - ✅ رانر با موفقیت متوقف شد
2025-06-08 09:57:21,384 - INFO - 🎯 شروع Bot Runner...
2025-06-08 09:57:21,385 - INFO - 📁 پوشه کاری: C:\Users\m.cheraghian\Desktop\Kudos-BOT
2025-06-08 09:57:21,385 - INFO - 📝 فایل لاگ: C:\Users\m.cheraghian\Desktop\Kudos-BOT\logs\runner.log
2025-06-08 09:57:21,939 - INFO - 🚀 در حال شروع ربات...
2025-06-08 09:57:24,946 - INFO - ✅ ربات با موفقیت شروع شد. PID: 10668
2025-06-08 09:57:24,948 - INFO - 👁️ شروع مانیتورینگ ربات...
2025-06-08 10:02:25,036 - INFO - 🛑 دریافت سیگنال 2. در حال توقف رانر...
2025-06-08 10:02:25,037 - INFO - 🛑 در حال توقف رانر...
2025-06-08 10:02:25,037 - INFO - 🛑 در حال توقف ربات...
2025-06-08 10:02:25,064 - INFO - ✅ ربات با موفقیت متوقف شد
2025-06-08 10:02:25,065 - INFO - ✅ رانر با موفقیت متوقف شد
2025-06-08 10:02:25,066 - INFO - 🛑 در حال توقف رانر...
2025-06-08 10:02:25,066 - INFO - ✅ رانر با موفقیت متوقف شد
2025-06-08 10:15:28,799 - INFO - 🎯 شروع Bot Runner...
2025-06-08 10:15:28,800 - INFO - 📁 پوشه کاری: C:\Users\m.cheraghian\Desktop\Kudos-BOT
2025-06-08 10:15:28,800 - INFO - 📝 فایل لاگ: C:\Users\m.cheraghian\Desktop\Kudos-BOT\logs\runner.log
2025-06-08 10:15:29,381 - INFO - 🚀 در حال شروع ربات...
2025-06-08 10:15:32,390 - INFO - ✅ ربات با موفقیت شروع شد. PID: 2868
2025-06-08 10:15:32,391 - INFO - 👁️ شروع مانیتورینگ ربات...
2025-06-08 10:16:02,402 - INFO - 🛑 دریافت سیگنال 2. در حال توقف رانر...
2025-06-08 10:16:02,402 - INFO - 🛑 در حال توقف رانر...
2025-06-08 10:16:02,403 - INFO - 🛑 در حال توقف ربات...
2025-06-08 10:16:02,403 - INFO - ✅ ربات با موفقیت متوقف شد
2025-06-08 10:16:02,404 - INFO - ✅ رانر با موفقیت متوقف شد
2025-06-08 10:16:02,405 - INFO - 🛑 در حال توقف رانر...
2025-06-08 10:16:02,405 - INFO - ✅ رانر با موفقیت متوقف شد
2025-06-08 10:20:10,440 - INFO - 🎯 شروع Bot Runner...
2025-06-08 10:20:10,440 - INFO - 📁 پوشه کاری: C:\Users\m.cheraghian\Desktop\Kudos-BOT
2025-06-08 10:20:10,441 - INFO - 📝 فایل لاگ: C:\Users\m.cheraghian\Desktop\Kudos-BOT\logs\runner.log
2025-06-08 10:20:10,955 - INFO - 🚀 در حال شروع ربات...
2025-06-08 10:20:13,963 - ERROR - ❌ ربات نتوانست شروع شود:
2025-06-08 10:20:13,964 - ERROR - STDOUT: 
2025-06-08 10:20:13,964 - ERROR - STDERR: Traceback (most recent call last):
  File "C:\Users\m.cheraghian\Desktop\Kudos-BOT\bot.py", line 19, in <module>
    from src.handlers.message_handler import handle_message
  File "C:\Users\m.cheraghian\Desktop\Kudos-BOT\src\handlers\message_handler.py", line 171
    ]
    ^
SyntaxError: unmatched ']'

2025-06-08 10:20:13,965 - ERROR - ❌ نتوانست ربات را شروع کند. خروج از رانر.
2025-06-08 10:20:13,965 - INFO - 🛑 در حال توقف رانر...
2025-06-08 10:20:13,966 - INFO - 🛑 در حال توقف ربات...
2025-06-08 10:20:13,966 - INFO - ✅ ربات با موفقیت متوقف شد
2025-06-08 10:20:13,967 - INFO - ✅ رانر با موفقیت متوقف شد
2025-06-08 10:20:54,248 - INFO - 🎯 شروع Bot Runner...
2025-06-08 10:20:54,249 - INFO - 📁 پوشه کاری: C:\Users\m.cheraghian\Desktop\Kudos-BOT
2025-06-08 10:20:54,249 - INFO - 📝 فایل لاگ: C:\Users\m.cheraghian\Desktop\Kudos-BOT\logs\runner.log
2025-06-08 10:20:54,826 - INFO - 🚀 در حال شروع ربات...
2025-06-08 10:20:57,835 - ERROR - ❌ ربات نتوانست شروع شود:
2025-06-08 10:20:57,835 - ERROR - STDOUT: 
2025-06-08 10:20:57,836 - ERROR - STDERR: Traceback (most recent call last):
  File "C:\Users\m.cheraghian\Desktop\Kudos-BOT\bot.py", line 19, in <module>
    from src.handlers.message_handler import handle_message
  File "C:\Users\m.cheraghian\Desktop\Kudos-BOT\src\handlers\message_handler.py", line 171
    ]
    ^
SyntaxError: unmatched ']'

2025-06-08 10:20:57,837 - ERROR - ❌ نتوانست ربات را شروع کند. خروج از رانر.
2025-06-08 10:20:57,837 - INFO - 🛑 در حال توقف رانر...
2025-06-08 10:20:57,838 - INFO - 🛑 در حال توقف ربات...
2025-06-08 10:20:57,838 - INFO - ✅ ربات با موفقیت متوقف شد
2025-06-08 10:20:57,839 - INFO - ✅ رانر با موفقیت متوقف شد
2025-06-08 10:26:46,621 - INFO - 🎯 شروع Bot Runner...
2025-06-08 10:26:46,621 - INFO - 📁 پوشه کاری: C:\Users\m.cheraghian\Desktop\Kudos-BOT
2025-06-08 10:26:46,622 - INFO - 📝 فایل لاگ: C:\Users\m.cheraghian\Desktop\Kudos-BOT\logs\runner.log
2025-06-08 10:26:47,143 - WARNING - 🧹 پاکسازی پروسه معلق: PID 10544
2025-06-08 10:26:47,204 - INFO - 🧹 تعداد 1 پروسه معلق پاکسازی شد
2025-06-08 10:26:49,205 - INFO - 🚀 در حال شروع ربات...
2025-06-08 10:26:52,213 - INFO - ✅ ربات با موفقیت شروع شد. PID: 6216
2025-06-08 10:26:52,215 - INFO - 👁️ شروع مانیتورینگ ربات...
2025-06-08 10:29:32,363 - WARNING - ⚠️ ربات سالم نیست!
2025-06-08 10:29:32,364 - INFO - 🔄 در حال ری‌استارت ربات...
2025-06-08 10:29:32,364 - INFO - 🛑 در حال توقف ربات...
2025-06-08 10:29:32,365 - INFO - ✅ ربات با موفقیت متوقف شد
2025-06-08 10:29:37,770 - WARNING - 🧹 پاکسازی پروسه معلق: PID 9936
2025-06-08 10:29:37,809 - INFO - 🧹 تعداد 1 پروسه معلق پاکسازی شد
2025-06-08 10:29:39,810 - INFO - 🚀 در حال شروع ربات...
2025-06-08 10:29:42,817 - ERROR - ❌ ربات نتوانست شروع شود:
2025-06-08 10:29:42,817 - ERROR - STDOUT: 2025-06-08 10:29:42,559 - __main__ - INFO - ربات با موفقیت راه‌اندازی شد
Bot started successfully...

2025-06-08 10:29:42,818 - ERROR - STDERR: INFO:__main__:\u0631\u0628\u0627\u062a \u0628\u0627 \u0645\u0648\u0641\u0642\u06cc\u062a \u0631\u0627\u0647\u200c\u0627\u0646\u062f\u0627\u0632\u06cc \u0634\u062f
Traceback (most recent call last):
  File "C:\Users\m.cheraghian\AppData\Local\Programs\Python\Python313\Lib\asyncio\runners.py", line 118, in run
    return self._loop.run_until_complete(task)
           ~~~~~~~~~~~~~~~~~~~~~~~~~~~~~^^^^^^
  File "C:\Users\m.cheraghian\AppData\Local\Programs\Python\Python313\Lib\asyncio\base_events.py", line 725, in run_until_complete
    return future.result()
           ~~~~~~~~~~~~~^^
  File "C:\Users\m.cheraghian\Desktop\Kudos-BOT\bot.py", line 139, in main
    await app.initialize()
  File "C:\Users\m.cheraghian\AppData\Local\Programs\Python\Python313\Lib\site-packages\telegram\ext\_application.py", line 486, in initialize
    await self.bot.initialize()
  File "C:\Users\m.cheraghian\AppData\Local\Programs\Python\Python313\Lib\site-packages\telegram\ext\_extbot.py", line 315, in initialize
    await super().initialize()
  File "C:\Users\m.cheraghian\AppData\Local\Programs\Python\Python313\Lib\site-packages\telegram\_bot.py", line 837, in initialize
    await asyncio.gather(self._request[0].initialize(), self._request[1].initialize())
  File "C:\Users\m.cheraghian\AppData\Local\Programs\Python\Python313\Lib\site-packages\telegram\request\_httpxrequest.py", line 223, in initialize
    async def initialize(self) -> None:
asyncio.exceptions.CancelledError

During handling of the above exception, another exception occurred:

Traceback (most recent call last):
  File "C:\Users\m.cheraghian\Desktop\Kudos-BOT\bot.py", line 215, in <module>
    asyncio.run(main())
    ~~~~~~~~~~~^^^^^^^^
  File "C:\Users\m.cheraghian\AppData\Local\Programs\Python\Python313\Lib\asyncio\runners.py", line 195, in run
    return runner.run(main)
           ~~~~~~~~~~^^^^^^
  File "C:\Users\m.cheraghian\AppData\Local\Programs\Python\Python313\Lib\asyncio\runners.py", line 123, in run
    raise KeyboardInterrupt()
KeyboardInterrupt

2025-06-08 10:29:42,820 - ERROR - ❌ نتوانست ربات را مجدداً شروع کند
2025-06-08 10:29:52,278 - INFO - 🛑 دریافت سیگنال 2. در حال توقف رانر...
2025-06-08 10:29:52,280 - INFO - 🛑 در حال توقف رانر...
2025-06-08 10:29:52,281 - INFO - 🛑 در حال توقف ربات...
2025-06-08 10:29:52,282 - INFO - ✅ ربات با موفقیت متوقف شد
2025-06-08 10:29:52,283 - INFO - ✅ رانر با موفقیت متوقف شد
2025-06-08 10:29:52,284 - INFO - 🛑 در حال توقف رانر...
2025-06-08 10:29:52,285 - INFO - ✅ رانر با موفقیت متوقف شد
2025-06-08 10:30:59,254 - INFO - 🎯 شروع Bot Runner...
2025-06-08 10:30:59,254 - INFO - 📁 پوشه کاری: C:\Users\m.cheraghian\Desktop\Kudos-BOT
2025-06-08 10:30:59,254 - INFO - 📝 فایل لاگ: C:\Users\m.cheraghian\Desktop\Kudos-BOT\logs\runner.log
2025-06-08 10:30:59,924 - INFO - 🚀 در حال شروع ربات...
2025-06-08 10:31:02,931 - INFO - ✅ ربات با موفقیت شروع شد. PID: 7236
2025-06-08 10:31:02,932 - INFO - 👁️ شروع مانیتورینگ ربات...
